<?xml version="1.0" encoding="UTF-8" ?>
<testsuite tests="4" failures="0" name="com.poc.cucumber.calculator.CukeExec" time="2.068" errors="0" skipped="0">
  <properties>
[...]
</properties>
  <testcase classname="Scenario: API can perform summation of 2 numbers" name="Given Noncondition" time="0"/>
  <testcase classname="Scenario: API can perform summation of 2 numbers" name="When Add operation invoked on 5 and 2" time="0"/>
  <testcase classname="Scenario: API can perform summation of 2 numbers" name="Then The result is 7" time="0"/>
  <testcase classname="Scenario: API can perform summation of 2 numbers" name="Scenario: API can perform summation of 2 numbers" time="0.001"/>
</testsuite>